<?xml version="1.0" encoding="UTF-8"?>
<testng-results skipped="0" failed="0" ignored="0" total="1" passed="1">
  <reporter-output>
  </reporter-output>
  <suite name="Default suite" duration-ms="46825" started-at="2020-05-19T08:28:53Z" finished-at="2020-05-19T08:29:39Z">
    <groups>
      <group name="cucumber">
        <method signature="CategoriesRunner.feature(cucumber.api.testng.CucumberFeatureWrapper)[pri:0, instance:com.capgemini.snapdeal.runner.CategoriesRunner@4566e5bd]" name="feature" class="com.capgemini.snapdeal.runner.CategoriesRunner"/>
      </group> <!-- cucumber -->
    </groups>
    <test name="Default test" duration-ms="46825" started-at="2020-05-19T08:28:53Z" finished-at="2020-05-19T08:29:39Z">
      <class name="com.capgemini.snapdeal.runner.CategoriesRunner">
        <test-method status="PASS" signature="setUpClass()[pri:0, instance:com.capgemini.snapdeal.runner.CategoriesRunner@4566e5bd]" name="setUpClass" is-config="true" duration-ms="451" started-at="2020-05-19T08:28:53Z" finished-at="2020-05-19T08:28:53Z">
          <reporter-output>
          </reporter-output>
        </test-method> <!-- setUpClass -->
        <test-method status="PASS" signature="feature(cucumber.api.testng.CucumberFeatureWrapper)[pri:0, instance:com.capgemini.snapdeal.runner.CategoriesRunner@4566e5bd]" name="feature" duration-ms="46214" started-at="2020-05-19T08:28:53Z" description="Runs Cucumber Feature" data-provider="features" finished-at="2020-05-19T08:29:39Z">
          <params>
            <param index="0">
              <value>
                <![CDATA[Snapdeal  Categories AddtoCart Page]]>
              </value>
            </param>
          </params>
          <reporter-output>
          </reporter-output>
        </test-method> <!-- feature -->
        <test-method status="PASS" signature="testDownclass()[pri:0, instance:com.capgemini.snapdeal.runner.CategoriesRunner@4566e5bd]" name="testDownclass" is-config="true" duration-ms="13" started-at="2020-05-19T08:29:39Z" finished-at="2020-05-19T08:29:39Z">
          <reporter-output>
          </reporter-output>
        </test-method> <!-- testDownclass -->
      </class> <!-- com.capgemini.snapdeal.runner.CategoriesRunner -->
    </test> <!-- Default test -->
  </suite> <!-- Default suite -->
</testng-results>
